<?xml version="1.0" encoding="UTF-8"?>
<!-- Generated by org.testng.reporters.JUnitReportReporter -->
<testsuite hostname="ITEM-S138736" failures="0" tests="1" name="GoogleTest" time="7.266" errors="0" timestamp="2023-09-09T18:18:28 IST" skipped="0">
  <testcase classname="GoogleTest" name="HomePageCheck" time="7.266"/>
</testsuite> <!-- GoogleTest -->
